<?xml version="1.0" encoding="UTF-8"?>
<!-- Generated by org.testng.reporters.JUnitReportReporter -->
<testsuite skipped="0" hostname="Prashants-MacBook-Pro.local" name="skeletonTestNG1.NewTest" tests="4" failures="0" timestamp="01 Jul 2018 09:17:52 GMT" time="0.011" errors="0">
  <testcase name="testCase1" time="0.005" classname="skeletonTestNG1.NewTest"/>
  <testcase name="testCase2" time="0.002" classname="skeletonTestNG1.NewTest"/>
  <testcase name="testCase1" time="0.001" classname="skeletonTestNG1.NewTest"/>
  <testcase name="testCase2" time="0.003" classname="skeletonTestNG1.NewTest"/>
</testsuite> <!-- skeletonTestNG1.NewTest -->
